<?xml version="1.0" encoding="UTF-8"?>
<testng-results ignored="0" total="1" passed="1" failed="0" skipped="0">
  <reporter-output>
  </reporter-output>
  <suite started-at="2023-05-25T17:45:46 IST" name="Default suite" finished-at="2023-05-25T17:46:02 IST" duration-ms="15791">
    <groups>
    </groups>
    <test started-at="2023-05-25T17:45:46 IST" name="Default test" finished-at="2023-05-25T17:46:02 IST" duration-ms="15791">
      <class name="Test_Cases_login_pages.TestCase_Webkul">
        <test-method is-config="true" signature="openbrowser()[pri:0, instance:Test_Cases_login_pages.TestCase_Webkul@5b03b9fe]" started-at="2023-05-25T17:45:46 IST" name="openbrowser" finished-at="2023-05-25T17:45:48 IST" duration-ms="1868" status="PASS">
          <reporter-output>
          </reporter-output>
        </test-method> <!-- openbrowser -->
        <test-method signature="logintest()[pri:0, instance:Test_Cases_login_pages.TestCase_Webkul@5b03b9fe]" started-at="2023-05-25T17:45:48 IST" name="logintest" finished-at="2023-05-25T17:46:01 IST" duration-ms="13674" status="PASS">
          <reporter-output>
          </reporter-output>
        </test-method> <!-- logintest -->
        <test-method is-config="true" signature="teardown()[pri:0, instance:Test_Cases_login_pages.TestCase_Webkul@5b03b9fe]" started-at="2023-05-25T17:46:01 IST" name="teardown" finished-at="2023-05-25T17:46:02 IST" duration-ms="210" status="PASS">
          <reporter-output>
          </reporter-output>
        </test-method> <!-- teardown -->
      </class> <!-- Test_Cases_login_pages.TestCase_Webkul -->
    </test> <!-- Default test -->
  </suite> <!-- Default suite -->
</testng-results>
